<?xml version="1.0" encoding="UTF-8"?>
<testsuite xmlns:xsi="http://www.w3.org/2001/XMLSchema-instance" xsi:noNamespaceSchemaLocation="https://maven.apache.org/surefire/maven-surefire-plugin/xsd/surefire-test-report-3.0.xsd" version="3.0" name="bookstore.LibroServiceTest" time="2.484" tests="4" errors="3" skipped="0" failures="0">
  <properties>
[...]
</properties>
  <testcase name="testCargarLibrosDesdeCSV" classname="bookstore.LibroServiceTest" time="0.518">
    <system-out><![CDATA[Hibernate: 
    drop table if exists autores cascade 
Hibernate: 
    drop table if exists editoriales cascade 
Hibernate: 
    drop table if exists libros cascade 
Hibernate: 
    create table autores (
        id uuid not null,
        apellido varchar(255),
        nombre varchar(255),
        primary key (id)
    )
Hibernate: 
    create table editoriales (
        id uuid not null,
        nombre varchar(255),
        primary key (id)
    )
Hibernate: 
    create table libros (
        precio float(53),
        stock integer,
        autor_id uuid,
        editorial_id uuid,
        isbn varchar(255) not null,
        titulo varchar(255),
        primary key (isbn)
    )
Hibernate: 
    alter table if exists libros 
       add constraint FKspm6r4x8iif19d9gjsrvwev65 
       foreign key (autor_id) 
       references autores
Hibernate: 
    alter table if exists libros 
       add constraint FKmlo591yawpuntu5xneuuuiso0 
       foreign key (editorial_id) 
       references editoriales
Hibernate: 
    select
        a1_0.id,
        a1_0.apellido,
        a1_0.nombre 
    from
        autores a1_0 
    where
        a1_0.nombre=? 
        and a1_0.apellido=?
Hibernate: 
    select
        e1_0.id,
        e1_0.nombre 
    from
        editoriales e1_0 
    where
        e1_0.nombre=?
Libro cargado: Clean Code
Hibernate: 
    insert 
    into
        autores
        (apellido, nombre, id) 
    values
        (?, ?, ?)
Hibernate: 
    insert 
    into
        editoriales
        (nombre, id) 
    values
        (?, ?)
Hibernate: 
    insert 
    into
        libros
        (autor_id, editorial_id, precio, stock, titulo, isbn) 
    values
        (?, ?, ?, ?, ?, ?)
Hibernate: 
    select
        a1_0.id,
        a1_0.apellido,
        a1_0.nombre 
    from
        autores a1_0 
    where
        a1_0.nombre=? 
        and a1_0.apellido=?
Hibernate: 
    select
        e1_0.id,
        e1_0.nombre 
    from
        editoriales e1_0 
    where
        e1_0.nombre=?
Libro cargado: The Pragmatic Programmer
Hibernate: 
    insert 
    into
        autores
        (apellido, nombre, id) 
    values
        (?, ?, ?)
Hibernate: 
    insert 
    into
        editoriales
        (nombre, id) 
    values
        (?, ?)
Hibernate: 
    insert 
    into
        libros
        (autor_id, editorial_id, precio, stock, titulo, isbn) 
    values
        (?, ?, ?, ?, ?, ?)
Hibernate: 
    select
        a1_0.id,
        a1_0.apellido,
        a1_0.nombre 
    from
        autores a1_0 
    where
        a1_0.nombre=? 
        and a1_0.apellido=?
Hibernate: 
    select
        e1_0.id,
        e1_0.nombre 
    from
        editoriales e1_0 
    where
        e1_0.nombre=?
Libro cargado: The Clean Coder
Hibernate: 
    insert 
    into
        libros
        (autor_id, editorial_id, precio, stock, titulo, isbn) 
    values
        (?, ?, ?, ?, ?, ?)
Hibernate: 
    select
        l1_0.isbn,
        l1_0.autor_id,
        l1_0.editorial_id,
        l1_0.precio,
        l1_0.stock,
        l1_0.titulo 
    from
        libros l1_0
Hibernate: 
    select
        a1_0.id,
        a1_0.apellido,
        a1_0.nombre 
    from
        autores a1_0 
    where
        a1_0.id=?
Hibernate: 
    select
        e1_0.id,
        e1_0.nombre 
    from
        editoriales e1_0 
    where
        e1_0.id=?
Hibernate: 
    select
        a1_0.id,
        a1_0.apellido,
        a1_0.nombre 
    from
        autores a1_0 
    where
        a1_0.id=?
Hibernate: 
    select
        e1_0.id,
        e1_0.nombre 
    from
        editoriales e1_0 
    where
        e1_0.id=?
]]></system-out>
    <system-err><![CDATA[Sep 18, 2025 3:12:57 PM org.hibernate.jpa.internal.util.LogHelper logPersistenceUnitInformation
INFO: HHH000204: Processing PersistenceUnitInfo [name: bookstore-unit]
Sep 18, 2025 3:12:57 PM org.hibernate.Version logVersion
INFO: HHH000412: Hibernate ORM core version 6.4.4.Final
Sep 18, 2025 3:12:57 PM org.hibernate.cache.internal.RegionFactoryInitiator initiateService
INFO: HHH000026: Second-level cache disabled
Sep 18, 2025 3:12:57 PM org.hibernate.engine.jdbc.connections.internal.DriverManagerConnectionProviderImpl configure
WARN: HHH10001002: Using built-in connection pool (not intended for production use)
Sep 18, 2025 3:12:57 PM org.hibernate.engine.jdbc.connections.internal.DriverManagerConnectionProviderImpl buildCreator
INFO: HHH10001005: Loaded JDBC driver class: org.h2.Driver
Sep 18, 2025 3:12:57 PM org.hibernate.engine.jdbc.connections.internal.DriverManagerConnectionProviderImpl buildCreator
INFO: HHH10001012: Connecting with JDBC URL [jdbc:h2:mem:testdb;DB_CLOSE_DELAY=-1]
Sep 18, 2025 3:12:57 PM org.hibernate.engine.jdbc.connections.internal.DriverManagerConnectionProviderImpl buildCreator
INFO: HHH10001001: Connection properties: {user=sa, password=****}
Sep 18, 2025 3:12:57 PM org.hibernate.engine.jdbc.connections.internal.DriverManagerConnectionProviderImpl buildCreator
INFO: HHH10001003: Autocommit mode: false
Sep 18, 2025 3:12:57 PM org.hibernate.engine.jdbc.connections.internal.DriverManagerConnectionProviderImpl$PooledConnections <init>
INFO: HHH10001115: Connection pool size: 20 (min=1)
Sep 18, 2025 3:12:57 PM org.hibernate.engine.jdbc.dialect.internal.DialectFactoryImpl constructDialect
WARN: HHH90000025: H2Dialect does not need to be specified explicitly using 'hibernate.dialect' (remove the property setting and it will be selected by default)
Sep 18, 2025 3:12:58 PM org.hibernate.engine.transaction.jta.platform.internal.JtaPlatformInitiator initiateService
INFO: HHH000489: No JTA platform available (set 'hibernate.transaction.jta.platform' to enable JTA platform integration)
Sep 18, 2025 3:12:58 PM org.hibernate.resource.transaction.backend.jdbc.internal.DdlTransactionIsolatorNonJtaImpl getIsolatedConnection
INFO: HHH10001501: Connection obtained from JdbcConnectionAccess [org.hibernate.engine.jdbc.env.internal.JdbcEnvironmentInitiator$ConnectionProviderJdbcConnectionAccess@2d28fb02] for (non-JTA) DDL execution was not in auto-commit mode; the Connection 'local transaction' will be committed and the Connection will be set into auto-commit mode.
Sep 18, 2025 3:12:58 PM org.hibernate.resource.transaction.backend.jdbc.internal.DdlTransactionIsolatorNonJtaImpl getIsolatedConnection
INFO: HHH10001501: Connection obtained from JdbcConnectionAccess [org.hibernate.engine.jdbc.env.internal.JdbcEnvironmentInitiator$ConnectionProviderJdbcConnectionAccess@805e72e] for (non-JTA) DDL execution was not in auto-commit mode; the Connection 'local transaction' will be committed and the Connection will be set into auto-commit mode.
]]></system-err>
  </testcase>
  <testcase name="testNoDuplicarEntidades" classname="bookstore.LibroServiceTest" time="0.019">
    <error message="Error while committing the transaction" type="jakarta.persistence.RollbackException"><![CDATA[jakarta.persistence.RollbackException: Error while committing the transaction
	at org.hibernate.internal.ExceptionConverterImpl.convertCommitException(ExceptionConverterImpl.java:67)
	at org.hibernate.engine.transaction.internal.TransactionImpl.commit(TransactionImpl.java:104)
	at bookstore.LibroService.cargarLibrosDesdeCSV(LibroService.java:72)
	at bookstore.LibroServiceTest.testNoDuplicarEntidades(LibroServiceTest.java:113)
	at java.base/java.lang.reflect.Method.invoke(Method.java:565)
	at java.base/java.util.ArrayList.forEach(ArrayList.java:1604)
	at java.base/java.util.ArrayList.forEach(ArrayList.java:1604)
Caused by: org.hibernate.exception.ConstraintViolationException: could not execute statement [Unique index or primary key violation: "PUBLIC.PRIMARY_KEY_8 ON PUBLIC.LIBROS(ISBN) VALUES ( /* 1 */ '978-0134685991' )"; SQL statement:
insert into libros (autor_id,editorial_id,precio,stock,titulo,isbn) values (?,?,?,?,?,?) [23505-224]] [insert into libros (autor_id,editorial_id,precio,stock,titulo,isbn) values (?,?,?,?,?,?)]
	at org.hibernate.exception.internal.SQLExceptionTypeDelegate.convert(SQLExceptionTypeDelegate.java:62)
	at org.hibernate.exception.internal.StandardSQLExceptionConverter.convert(StandardSQLExceptionConverter.java:58)
	at org.hibernate.engine.jdbc.spi.SqlExceptionHelper.convert(SqlExceptionHelper.java:108)
	at org.hibernate.engine.jdbc.internal.ResultSetReturnImpl.executeUpdate(ResultSetReturnImpl.java:197)
	at org.hibernate.engine.jdbc.mutation.internal.AbstractMutationExecutor.performNonBatchedMutation(AbstractMutationExecutor.java:108)
	at org.hibernate.engine.jdbc.mutation.internal.MutationExecutorSingleNonBatched.performNonBatchedOperations(MutationExecutorSingleNonBatched.java:40)
	at org.hibernate.engine.jdbc.mutation.internal.AbstractMutationExecutor.execute(AbstractMutationExecutor.java:52)
	at org.hibernate.persister.entity.mutation.InsertCoordinator.doStaticInserts(InsertCoordinator.java:175)
	at org.hibernate.persister.entity.mutation.InsertCoordinator.coordinateInsert(InsertCoordinator.java:113)
	at org.hibernate.persister.entity.AbstractEntityPersister.insert(AbstractEntityPersister.java:2873)
	at org.hibernate.action.internal.EntityInsertAction.execute(EntityInsertAction.java:104)
	at org.hibernate.engine.spi.ActionQueue.executeActions(ActionQueue.java:632)
	at org.hibernate.engine.spi.ActionQueue.executeActions(ActionQueue.java:499)
	at org.hibernate.event.internal.AbstractFlushingEventListener.performExecutions(AbstractFlushingEventListener.java:363)
	at org.hibernate.event.internal.DefaultFlushEventListener.onFlush(DefaultFlushEventListener.java:41)
	at org.hibernate.event.service.internal.EventListenerGroupImpl.fireEventOnEachListener(EventListenerGroupImpl.java:127)
	at org.hibernate.internal.SessionImpl.doFlush(SessionImpl.java:1403)
	at org.hibernate.internal.SessionImpl.managedFlush(SessionImpl.java:484)
	at org.hibernate.internal.SessionImpl.flushBeforeTransactionCompletion(SessionImpl.java:2319)
	at org.hibernate.internal.SessionImpl.beforeTransactionCompletion(SessionImpl.java:1976)
	at org.hibernate.engine.jdbc.internal.JdbcCoordinatorImpl.beforeTransactionCompletion(JdbcCoordinatorImpl.java:439)
	at org.hibernate.resource.transaction.backend.jdbc.internal.JdbcResourceLocalTransactionCoordinatorImpl.beforeCompletionCallback(JdbcResourceLocalTransactionCoordinatorImpl.java:169)
	at org.hibernate.resource.transaction.backend.jdbc.internal.JdbcResourceLocalTransactionCoordinatorImpl$TransactionDriverControlImpl.commit(JdbcResourceLocalTransactionCoordinatorImpl.java:267)
	at org.hibernate.engine.transaction.internal.TransactionImpl.commit(TransactionImpl.java:101)
	... 5 more
Caused by: org.h2.jdbc.JdbcSQLIntegrityConstraintViolationException: Unique index or primary key violation: "PUBLIC.PRIMARY_KEY_8 ON PUBLIC.LIBROS(ISBN) VALUES ( /* 1 */ '978-0134685991' )"; SQL statement:
insert into libros (autor_id,editorial_id,precio,stock,titulo,isbn) values (?,?,?,?,?,?) [23505-224]
	at org.h2.message.DbException.getJdbcSQLException(DbException.java:520)
	at org.h2.message.DbException.getJdbcSQLException(DbException.java:489)
	at org.h2.message.DbException.get(DbException.java:223)
	at org.h2.message.DbException.get(DbException.java:199)
	at org.h2.index.Index.getDuplicateKeyException(Index.java:527)
	at org.h2.mvstore.db.MVSecondaryIndex.checkUnique(MVSecondaryIndex.java:223)
	at org.h2.mvstore.db.MVSecondaryIndex.add(MVSecondaryIndex.java:184)
	at org.h2.mvstore.db.MVTable.addRow(MVTable.java:519)
	at org.h2.command.dml.Insert.insertRows(Insert.java:174)
	at org.h2.command.dml.Insert.update(Insert.java:135)
	at org.h2.command.dml.DataChangeStatement.update(DataChangeStatement.java:74)
	at org.h2.command.CommandContainer.update(CommandContainer.java:169)
	at org.h2.command.Command.executeUpdate(Command.java:256)
	at org.h2.jdbc.JdbcPreparedStatement.executeUpdateInternal(JdbcPreparedStatement.java:216)
	at org.h2.jdbc.JdbcPreparedStatement.executeUpdate(JdbcPreparedStatement.java:174)
	at org.hibernate.engine.jdbc.internal.ResultSetReturnImpl.executeUpdate(ResultSetReturnImpl.java:194)
	... 25 more
]]></error>
    <system-out><![CDATA[Hibernate: 
    select
        a1_0.id,
        a1_0.apellido,
        a1_0.nombre 
    from
        autores a1_0 
    where
        a1_0.nombre=? 
        and a1_0.apellido=?
Hibernate: 
    select
        e1_0.id,
        e1_0.nombre 
    from
        editoriales e1_0 
    where
        e1_0.nombre=?
Libro cargado: Clean Code
Hibernate: 
    select
        a1_0.id,
        a1_0.apellido,
        a1_0.nombre 
    from
        autores a1_0 
    where
        a1_0.nombre=? 
        and a1_0.apellido=?
Hibernate: 
    select
        e1_0.id,
        e1_0.nombre 
    from
        editoriales e1_0 
    where
        e1_0.nombre=?
Libro cargado: The Pragmatic Programmer
Hibernate: 
    select
        a1_0.id,
        a1_0.apellido,
        a1_0.nombre 
    from
        autores a1_0 
    where
        a1_0.nombre=? 
        and a1_0.apellido=?
Hibernate: 
    select
        e1_0.id,
        e1_0.nombre 
    from
        editoriales e1_0 
    where
        e1_0.nombre=?
Libro cargado: The Clean Coder
Hibernate: 
    insert 
    into
        libros
        (autor_id, editorial_id, precio, stock, titulo, isbn) 
    values
        (?, ?, ?, ?, ?, ?)
]]></system-out>
    <system-err><![CDATA[Sep 18, 2025 3:12:59 PM org.hibernate.engine.jdbc.spi.SqlExceptionHelper logExceptions
WARN: SQL Error: 23505, SQLState: 23505
Sep 18, 2025 3:12:59 PM org.hibernate.engine.jdbc.spi.SqlExceptionHelper logExceptions
ERROR: Unique index or primary key violation: "PUBLIC.PRIMARY_KEY_8 ON PUBLIC.LIBROS(ISBN) VALUES ( /* 1 */ '978-0134685991' )"; SQL statement:
insert into libros (autor_id,editorial_id,precio,stock,titulo,isbn) values (?,?,?,?,?,?) [23505-224]
]]></system-err>
  </testcase>
  <testcase name="testEliminarLibro" classname="bookstore.LibroServiceTest" time="0.012">
    <error message="Error while committing the transaction" type="jakarta.persistence.RollbackException"><![CDATA[jakarta.persistence.RollbackException: Error while committing the transaction
	at org.hibernate.internal.ExceptionConverterImpl.convertCommitException(ExceptionConverterImpl.java:67)
	at org.hibernate.engine.transaction.internal.TransactionImpl.commit(TransactionImpl.java:104)
	at bookstore.LibroService.cargarLibrosDesdeCSV(LibroService.java:72)
	at bookstore.LibroServiceTest.testEliminarLibro(LibroServiceTest.java:96)
	at java.base/java.lang.reflect.Method.invoke(Method.java:565)
	at java.base/java.util.ArrayList.forEach(ArrayList.java:1604)
	at java.base/java.util.ArrayList.forEach(ArrayList.java:1604)
Caused by: org.hibernate.exception.ConstraintViolationException: could not execute statement [Unique index or primary key violation: "PUBLIC.PRIMARY_KEY_8 ON PUBLIC.LIBROS(ISBN) VALUES ( /* 1 */ '978-0134685991' )"; SQL statement:
insert into libros (autor_id,editorial_id,precio,stock,titulo,isbn) values (?,?,?,?,?,?) [23505-224]] [insert into libros (autor_id,editorial_id,precio,stock,titulo,isbn) values (?,?,?,?,?,?)]
	at org.hibernate.exception.internal.SQLExceptionTypeDelegate.convert(SQLExceptionTypeDelegate.java:62)
	at org.hibernate.exception.internal.StandardSQLExceptionConverter.convert(StandardSQLExceptionConverter.java:58)
	at org.hibernate.engine.jdbc.spi.SqlExceptionHelper.convert(SqlExceptionHelper.java:108)
	at org.hibernate.engine.jdbc.internal.ResultSetReturnImpl.executeUpdate(ResultSetReturnImpl.java:197)
	at org.hibernate.engine.jdbc.mutation.internal.AbstractMutationExecutor.performNonBatchedMutation(AbstractMutationExecutor.java:108)
	at org.hibernate.engine.jdbc.mutation.internal.MutationExecutorSingleNonBatched.performNonBatchedOperations(MutationExecutorSingleNonBatched.java:40)
	at org.hibernate.engine.jdbc.mutation.internal.AbstractMutationExecutor.execute(AbstractMutationExecutor.java:52)
	at org.hibernate.persister.entity.mutation.InsertCoordinator.doStaticInserts(InsertCoordinator.java:175)
	at org.hibernate.persister.entity.mutation.InsertCoordinator.coordinateInsert(InsertCoordinator.java:113)
	at org.hibernate.persister.entity.AbstractEntityPersister.insert(AbstractEntityPersister.java:2873)
	at org.hibernate.action.internal.EntityInsertAction.execute(EntityInsertAction.java:104)
	at org.hibernate.engine.spi.ActionQueue.executeActions(ActionQueue.java:632)
	at org.hibernate.engine.spi.ActionQueue.executeActions(ActionQueue.java:499)
	at org.hibernate.event.internal.AbstractFlushingEventListener.performExecutions(AbstractFlushingEventListener.java:363)
	at org.hibernate.event.internal.DefaultFlushEventListener.onFlush(DefaultFlushEventListener.java:41)
	at org.hibernate.event.service.internal.EventListenerGroupImpl.fireEventOnEachListener(EventListenerGroupImpl.java:127)
	at org.hibernate.internal.SessionImpl.doFlush(SessionImpl.java:1403)
	at org.hibernate.internal.SessionImpl.managedFlush(SessionImpl.java:484)
	at org.hibernate.internal.SessionImpl.flushBeforeTransactionCompletion(SessionImpl.java:2319)
	at org.hibernate.internal.SessionImpl.beforeTransactionCompletion(SessionImpl.java:1976)
	at org.hibernate.engine.jdbc.internal.JdbcCoordinatorImpl.beforeTransactionCompletion(JdbcCoordinatorImpl.java:439)
	at org.hibernate.resource.transaction.backend.jdbc.internal.JdbcResourceLocalTransactionCoordinatorImpl.beforeCompletionCallback(JdbcResourceLocalTransactionCoordinatorImpl.java:169)
	at org.hibernate.resource.transaction.backend.jdbc.internal.JdbcResourceLocalTransactionCoordinatorImpl$TransactionDriverControlImpl.commit(JdbcResourceLocalTransactionCoordinatorImpl.java:267)
	at org.hibernate.engine.transaction.internal.TransactionImpl.commit(TransactionImpl.java:101)
	... 5 more
Caused by: org.h2.jdbc.JdbcSQLIntegrityConstraintViolationException: Unique index or primary key violation: "PUBLIC.PRIMARY_KEY_8 ON PUBLIC.LIBROS(ISBN) VALUES ( /* 1 */ '978-0134685991' )"; SQL statement:
insert into libros (autor_id,editorial_id,precio,stock,titulo,isbn) values (?,?,?,?,?,?) [23505-224]
	at org.h2.message.DbException.getJdbcSQLException(DbException.java:520)
	at org.h2.message.DbException.getJdbcSQLException(DbException.java:489)
	at org.h2.message.DbException.get(DbException.java:223)
	at org.h2.message.DbException.get(DbException.java:199)
	at org.h2.index.Index.getDuplicateKeyException(Index.java:527)
	at org.h2.mvstore.db.MVSecondaryIndex.checkUnique(MVSecondaryIndex.java:223)
	at org.h2.mvstore.db.MVSecondaryIndex.add(MVSecondaryIndex.java:184)
	at org.h2.mvstore.db.MVTable.addRow(MVTable.java:519)
	at org.h2.command.dml.Insert.insertRows(Insert.java:174)
	at org.h2.command.dml.Insert.update(Insert.java:135)
	at org.h2.command.dml.DataChangeStatement.update(DataChangeStatement.java:74)
	at org.h2.command.CommandContainer.update(CommandContainer.java:169)
	at org.h2.command.Command.executeUpdate(Command.java:256)
	at org.h2.jdbc.JdbcPreparedStatement.executeUpdateInternal(JdbcPreparedStatement.java:216)
	at org.h2.jdbc.JdbcPreparedStatement.executeUpdate(JdbcPreparedStatement.java:174)
	at org.hibernate.engine.jdbc.internal.ResultSetReturnImpl.executeUpdate(ResultSetReturnImpl.java:194)
	... 25 more
]]></error>
    <system-out><![CDATA[Hibernate: 
    select
        a1_0.id,
        a1_0.apellido,
        a1_0.nombre 
    from
        autores a1_0 
    where
        a1_0.nombre=? 
        and a1_0.apellido=?
Hibernate: 
    select
        e1_0.id,
        e1_0.nombre 
    from
        editoriales e1_0 
    where
        e1_0.nombre=?
Libro cargado: Clean Code
Hibernate: 
    select
        a1_0.id,
        a1_0.apellido,
        a1_0.nombre 
    from
        autores a1_0 
    where
        a1_0.nombre=? 
        and a1_0.apellido=?
Hibernate: 
    select
        e1_0.id,
        e1_0.nombre 
    from
        editoriales e1_0 
    where
        e1_0.nombre=?
Libro cargado: The Pragmatic Programmer
Hibernate: 
    select
        a1_0.id,
        a1_0.apellido,
        a1_0.nombre 
    from
        autores a1_0 
    where
        a1_0.nombre=? 
        and a1_0.apellido=?
Hibernate: 
    select
        e1_0.id,
        e1_0.nombre 
    from
        editoriales e1_0 
    where
        e1_0.nombre=?
Libro cargado: The Clean Coder
Hibernate: 
    insert 
    into
        libros
        (autor_id, editorial_id, precio, stock, titulo, isbn) 
    values
        (?, ?, ?, ?, ?, ?)
]]></system-out>
    <system-err><![CDATA[Sep 18, 2025 3:12:59 PM org.hibernate.engine.jdbc.spi.SqlExceptionHelper logExceptions
WARN: SQL Error: 23505, SQLState: 23505
Sep 18, 2025 3:12:59 PM org.hibernate.engine.jdbc.spi.SqlExceptionHelper logExceptions
ERROR: Unique index or primary key violation: "PUBLIC.PRIMARY_KEY_8 ON PUBLIC.LIBROS(ISBN) VALUES ( /* 1 */ '978-0134685991' )"; SQL statement:
insert into libros (autor_id,editorial_id,precio,stock,titulo,isbn) values (?,?,?,?,?,?) [23505-224]
]]></system-err>
  </testcase>
  <testcase name="testActualizarStockLibro" classname="bookstore.LibroServiceTest" time="0.014">
    <error message="Error while committing the transaction" type="jakarta.persistence.RollbackException"><![CDATA[jakarta.persistence.RollbackException: Error while committing the transaction
	at org.hibernate.internal.ExceptionConverterImpl.convertCommitException(ExceptionConverterImpl.java:67)
	at org.hibernate.engine.transaction.internal.TransactionImpl.commit(TransactionImpl.java:104)
	at bookstore.LibroService.cargarLibrosDesdeCSV(LibroService.java:72)
	at bookstore.LibroServiceTest.testActualizarStockLibro(LibroServiceTest.java:76)
	at java.base/java.lang.reflect.Method.invoke(Method.java:565)
	at java.base/java.util.ArrayList.forEach(ArrayList.java:1604)
	at java.base/java.util.ArrayList.forEach(ArrayList.java:1604)
Caused by: org.hibernate.exception.ConstraintViolationException: could not execute statement [Unique index or primary key violation: "PUBLIC.PRIMARY_KEY_8 ON PUBLIC.LIBROS(ISBN) VALUES ( /* 1 */ '978-0134685991' )"; SQL statement:
insert into libros (autor_id,editorial_id,precio,stock,titulo,isbn) values (?,?,?,?,?,?) [23505-224]] [insert into libros (autor_id,editorial_id,precio,stock,titulo,isbn) values (?,?,?,?,?,?)]
	at org.hibernate.exception.internal.SQLExceptionTypeDelegate.convert(SQLExceptionTypeDelegate.java:62)
	at org.hibernate.exception.internal.StandardSQLExceptionConverter.convert(StandardSQLExceptionConverter.java:58)
	at org.hibernate.engine.jdbc.spi.SqlExceptionHelper.convert(SqlExceptionHelper.java:108)
	at org.hibernate.engine.jdbc.internal.ResultSetReturnImpl.executeUpdate(ResultSetReturnImpl.java:197)
	at org.hibernate.engine.jdbc.mutation.internal.AbstractMutationExecutor.performNonBatchedMutation(AbstractMutationExecutor.java:108)
	at org.hibernate.engine.jdbc.mutation.internal.MutationExecutorSingleNonBatched.performNonBatchedOperations(MutationExecutorSingleNonBatched.java:40)
	at org.hibernate.engine.jdbc.mutation.internal.AbstractMutationExecutor.execute(AbstractMutationExecutor.java:52)
	at org.hibernate.persister.entity.mutation.InsertCoordinator.doStaticInserts(InsertCoordinator.java:175)
	at org.hibernate.persister.entity.mutation.InsertCoordinator.coordinateInsert(InsertCoordinator.java:113)
	at org.hibernate.persister.entity.AbstractEntityPersister.insert(AbstractEntityPersister.java:2873)
	at org.hibernate.action.internal.EntityInsertAction.execute(EntityInsertAction.java:104)
	at org.hibernate.engine.spi.ActionQueue.executeActions(ActionQueue.java:632)
	at org.hibernate.engine.spi.ActionQueue.executeActions(ActionQueue.java:499)
	at org.hibernate.event.internal.AbstractFlushingEventListener.performExecutions(AbstractFlushingEventListener.java:363)
	at org.hibernate.event.internal.DefaultFlushEventListener.onFlush(DefaultFlushEventListener.java:41)
	at org.hibernate.event.service.internal.EventListenerGroupImpl.fireEventOnEachListener(EventListenerGroupImpl.java:127)
	at org.hibernate.internal.SessionImpl.doFlush(SessionImpl.java:1403)
	at org.hibernate.internal.SessionImpl.managedFlush(SessionImpl.java:484)
	at org.hibernate.internal.SessionImpl.flushBeforeTransactionCompletion(SessionImpl.java:2319)
	at org.hibernate.internal.SessionImpl.beforeTransactionCompletion(SessionImpl.java:1976)
	at org.hibernate.engine.jdbc.internal.JdbcCoordinatorImpl.beforeTransactionCompletion(JdbcCoordinatorImpl.java:439)
	at org.hibernate.resource.transaction.backend.jdbc.internal.JdbcResourceLocalTransactionCoordinatorImpl.beforeCompletionCallback(JdbcResourceLocalTransactionCoordinatorImpl.java:169)
	at org.hibernate.resource.transaction.backend.jdbc.internal.JdbcResourceLocalTransactionCoordinatorImpl$TransactionDriverControlImpl.commit(JdbcResourceLocalTransactionCoordinatorImpl.java:267)
	at org.hibernate.engine.transaction.internal.TransactionImpl.commit(TransactionImpl.java:101)
	... 5 more
Caused by: org.h2.jdbc.JdbcSQLIntegrityConstraintViolationException: Unique index or primary key violation: "PUBLIC.PRIMARY_KEY_8 ON PUBLIC.LIBROS(ISBN) VALUES ( /* 1 */ '978-0134685991' )"; SQL statement:
insert into libros (autor_id,editorial_id,precio,stock,titulo,isbn) values (?,?,?,?,?,?) [23505-224]
	at org.h2.message.DbException.getJdbcSQLException(DbException.java:520)
	at org.h2.message.DbException.getJdbcSQLException(DbException.java:489)
	at org.h2.message.DbException.get(DbException.java:223)
	at org.h2.message.DbException.get(DbException.java:199)
	at org.h2.index.Index.getDuplicateKeyException(Index.java:527)
	at org.h2.mvstore.db.MVSecondaryIndex.checkUnique(MVSecondaryIndex.java:223)
	at org.h2.mvstore.db.MVSecondaryIndex.add(MVSecondaryIndex.java:184)
	at org.h2.mvstore.db.MVTable.addRow(MVTable.java:519)
	at org.h2.command.dml.Insert.insertRows(Insert.java:174)
	at org.h2.command.dml.Insert.update(Insert.java:135)
	at org.h2.command.dml.DataChangeStatement.update(DataChangeStatement.java:74)
	at org.h2.command.CommandContainer.update(CommandContainer.java:169)
	at org.h2.command.Command.executeUpdate(Command.java:256)
	at org.h2.jdbc.JdbcPreparedStatement.executeUpdateInternal(JdbcPreparedStatement.java:216)
	at org.h2.jdbc.JdbcPreparedStatement.executeUpdate(JdbcPreparedStatement.java:174)
	at org.hibernate.engine.jdbc.internal.ResultSetReturnImpl.executeUpdate(ResultSetReturnImpl.java:194)
	... 25 more
]]></error>
    <system-out><![CDATA[Hibernate: 
    select
        a1_0.id,
        a1_0.apellido,
        a1_0.nombre 
    from
        autores a1_0 
    where
        a1_0.nombre=? 
        and a1_0.apellido=?
Hibernate: 
    select
        e1_0.id,
        e1_0.nombre 
    from
        editoriales e1_0 
    where
        e1_0.nombre=?
Libro cargado: Clean Code
Hibernate: 
    select
        a1_0.id,
        a1_0.apellido,
        a1_0.nombre 
    from
        autores a1_0 
    where
        a1_0.nombre=? 
        and a1_0.apellido=?
Hibernate: 
    select
        e1_0.id,
        e1_0.nombre 
    from
        editoriales e1_0 
    where
        e1_0.nombre=?
Libro cargado: The Pragmatic Programmer
Hibernate: 
    select
        a1_0.id,
        a1_0.apellido,
        a1_0.nombre 
    from
        autores a1_0 
    where
        a1_0.nombre=? 
        and a1_0.apellido=?
Hibernate: 
    select
        e1_0.id,
        e1_0.nombre 
    from
        editoriales e1_0 
    where
        e1_0.nombre=?
Libro cargado: The Clean Coder
Hibernate: 
    insert 
    into
        libros
        (autor_id, editorial_id, precio, stock, titulo, isbn) 
    values
        (?, ?, ?, ?, ?, ?)
]]></system-out>
    <system-err><![CDATA[Sep 18, 2025 3:12:59 PM org.hibernate.engine.jdbc.spi.SqlExceptionHelper logExceptions
WARN: SQL Error: 23505, SQLState: 23505
Sep 18, 2025 3:12:59 PM org.hibernate.engine.jdbc.spi.SqlExceptionHelper logExceptions
ERROR: Unique index or primary key violation: "PUBLIC.PRIMARY_KEY_8 ON PUBLIC.LIBROS(ISBN) VALUES ( /* 1 */ '978-0134685991' )"; SQL statement:
insert into libros (autor_id,editorial_id,precio,stock,titulo,isbn) values (?,?,?,?,?,?) [23505-224]
]]></system-err>
  </testcase>
</testsuite>