<?xml version="1.0" encoding="UTF-8"?>
<testsuite xmlns:xsi="http://www.w3.org/2001/XMLSchema-instance" xsi:noNamespaceSchemaLocation="https://maven.apache.org/surefire/maven-surefire-plugin/xsd/surefire-test-report-3.0.xsd" version="3.0" name="ar.edu.utn.frc.JuegoDaoTest" time="2.227" tests="1" errors="0" skipped="0" failures="0">
  <properties>
[...]
</properties>
  <testcase name="crudYConsultasBasicas" classname="ar.edu.utn.frc.JuegoDaoTest" time="1.947">
    <system-out><![CDATA[[DDL] Ejecutado OK.
&amp#27;[35m[Hibernate]&amp#27;[0m 
    &amp#27;[34mselect&amp#27;[0m
        &amp#27;[34mnext&amp#27;[0m &amp#27;[34mvalue&amp#27;[0m &amp#27;[34mfor&amp#27;[0m SEQ_GENEROS
&amp#27;[35m[Hibernate]&amp#27;[0m 
    &amp#27;[34minsert&amp#27;[0m 
    &amp#27;[34minto&amp#27;[0m
        GENEROS
        (NOMBRE, GEN_ID) 
    &amp#27;[34mvalues&amp#27;[0m
        (?, ?)
&amp#27;[35m[Hibernate]&amp#27;[0m 
    &amp#27;[34mselect&amp#27;[0m
        &amp#27;[34mnext&amp#27;[0m &amp#27;[34mvalue&amp#27;[0m &amp#27;[34mfor&amp#27;[0m SEQ_GENEROS
&amp#27;[35m[Hibernate]&amp#27;[0m 
    &amp#27;[34minsert&amp#27;[0m 
    &amp#27;[34minto&amp#27;[0m
        GENEROS
        (NOMBRE, GEN_ID) 
    &amp#27;[34mvalues&amp#27;[0m
        (?, ?)
&amp#27;[35m[Hibernate]&amp#27;[0m 
    &amp#27;[34mselect&amp#27;[0m
        &amp#27;[34mnext&amp#27;[0m &amp#27;[34mvalue&amp#27;[0m &amp#27;[34mfor&amp#27;[0m SEQ_DESARROLLADORES
&amp#27;[35m[Hibernate]&amp#27;[0m 
    &amp#27;[34minsert&amp#27;[0m 
    &amp#27;[34minto&amp#27;[0m
        DESARROLLADORES
        (NOMBRE, DESA_ID) 
    &amp#27;[34mvalues&amp#27;[0m
        (?, ?)
&amp#27;[35m[Hibernate]&amp#27;[0m 
    &amp#27;[34mselect&amp#27;[0m
        &amp#27;[34mnext&amp#27;[0m &amp#27;[34mvalue&amp#27;[0m &amp#27;[34mfor&amp#27;[0m SEQ_PLATAFORMAS
&amp#27;[35m[Hibernate]&amp#27;[0m 
    &amp#27;[34minsert&amp#27;[0m 
    &amp#27;[34minto&amp#27;[0m
        PLATAFORMAS
        (NOMBRE, PLAT_ID) 
    &amp#27;[34mvalues&amp#27;[0m
        (?, ?)
&amp#27;[35m[Hibernate]&amp#27;[0m 
    &amp#27;[34mselect&amp#27;[0m
        &amp#27;[34mnext&amp#27;[0m &amp#27;[34mvalue&amp#27;[0m &amp#27;[34mfor&amp#27;[0m SEQ_JUEGOS
&amp#27;[35m[Hibernate]&amp#27;[0m 
    &amp#27;[34minsert&amp#27;[0m 
    &amp#27;[34minto&amp#27;[0m
        JUEGOS
        (CLASIFICACION_ESRB, DESARROLLADOR_ID, FECHA_LANZAMIENTO, GENERO_ID, JUEGOS_FINALIZADOS, JUGANDO, PLATAFORMA_ID, RATING, RESUMEN, TITULO, JUEGO_ID) 
    &amp#27;[34mvalues&amp#27;[0m
        (?, ?, ?, ?, ?, ?, ?, ?, ?, ?, ?)
&amp#27;[35m[Hibernate]&amp#27;[0m 
    &amp#27;[34mselect&amp#27;[0m
        j1_0.JUEGO_ID,
        j1_0.CLASIFICACION_ESRB,
        j1_0.DESARROLLADOR_ID,
        j1_0.FECHA_LANZAMIENTO,
        j1_0.GENERO_ID,
        j1_0.JUEGOS_FINALIZADOS,
        j1_0.JUGANDO,
        j1_0.PLATAFORMA_ID,
        j1_0.RATING,
        j1_0.RESUMEN,
        j1_0.TITULO 
    &amp#27;[34mfrom&amp#27;[0m
        JUEGOS j1_0 
    &amp#27;[34mwhere&amp#27;[0m
        j1_0.JUEGO_ID=?
&amp#27;[35m[Hibernate]&amp#27;[0m 
    &amp#27;[34mselect&amp#27;[0m
        j1_0.JUEGO_ID,
        j1_0.CLASIFICACION_ESRB,
        j1_0.DESARROLLADOR_ID,
        j1_0.FECHA_LANZAMIENTO,
        j1_0.GENERO_ID,
        j1_0.JUEGOS_FINALIZADOS,
        j1_0.JUGANDO,
        j1_0.PLATAFORMA_ID,
        j1_0.RATING,
        j1_0.RESUMEN,
        j1_0.TITULO 
    &amp#27;[34mfrom&amp#27;[0m
        JUEGOS j1_0 
    &amp#27;[34mwhere&amp#27;[0m
        j1_0.JUEGO_ID=?
&amp#27;[35m[Hibernate]&amp#27;[0m 
    &amp#27;[34mupdate&amp#27;[0m
        JUEGOS 
    &amp#27;[34mset&amp#27;[0m
        CLASIFICACION_ESRB=?,
        DESARROLLADOR_ID=?,
        FECHA_LANZAMIENTO=?,
        GENERO_ID=?,
        JUEGOS_FINALIZADOS=?,
        JUGANDO=?,
        PLATAFORMA_ID=?,
        RATING=?,
        RESUMEN=?,
        TITULO=? 
    &amp#27;[34mwhere&amp#27;[0m
        JUEGO_ID=?
&amp#27;[35m[Hibernate]&amp#27;[0m 
    &amp#27;[34mselect&amp#27;[0m
        j1_0.JUEGO_ID,
        j1_0.CLASIFICACION_ESRB,
        j1_0.DESARROLLADOR_ID,
        j1_0.FECHA_LANZAMIENTO,
        j1_0.GENERO_ID,
        j1_0.JUEGOS_FINALIZADOS,
        j1_0.JUGANDO,
        j1_0.PLATAFORMA_ID,
        j1_0.RATING,
        j1_0.RESUMEN,
        j1_0.TITULO 
    &amp#27;[34mfrom&amp#27;[0m
        JUEGOS j1_0 
    &amp#27;[34mjoin&amp#27;[0m
        PLATAFORMAS p1_0 
            &amp#27;[34mon&amp#27;[0m p1_0.PLAT_ID=j1_0.PLATAFORMA_ID 
    &amp#27;[34mwhere&amp#27;[0m
        lower(p1_0.NOMBRE)=lower(?) 
    &amp#27;[34morder&amp#27;[0m &amp#27;[34mby&amp#27;[0m
        j1_0.TITULO
&amp#27;[35m[Hibernate]&amp#27;[0m 
    &amp#27;[34mselect&amp#27;[0m
        j1_0.JUEGO_ID,
        j1_0.CLASIFICACION_ESRB,
        j1_0.DESARROLLADOR_ID,
        j1_0.FECHA_LANZAMIENTO,
        j1_0.GENERO_ID,
        j1_0.JUEGOS_FINALIZADOS,
        j1_0.JUGANDO,
        j1_0.PLATAFORMA_ID,
        j1_0.RATING,
        j1_0.RESUMEN,
        j1_0.TITULO 
    &amp#27;[34mfrom&amp#27;[0m
        JUEGOS j1_0 
    &amp#27;[34mwhere&amp#27;[0m
        j1_0.JUEGO_ID=?
&amp#27;[35m[Hibernate]&amp#27;[0m 
    &amp#27;[34mdelete&amp#27;[0m 
    &amp#27;[34mfrom&amp#27;[0m
        JUEGOS 
    &amp#27;[34mwhere&amp#27;[0m
        JUEGO_ID=?
&amp#27;[35m[Hibernate]&amp#27;[0m 
    &amp#27;[34mselect&amp#27;[0m
        j1_0.JUEGO_ID,
        j1_0.CLASIFICACION_ESRB,
        j1_0.DESARROLLADOR_ID,
        j1_0.FECHA_LANZAMIENTO,
        j1_0.GENERO_ID,
        j1_0.JUEGOS_FINALIZADOS,
        j1_0.JUGANDO,
        j1_0.PLATAFORMA_ID,
        j1_0.RATING,
        j1_0.RESUMEN,
        j1_0.TITULO 
    &amp#27;[34mfrom&amp#27;[0m
        JUEGOS j1_0 
    &amp#27;[34mwhere&amp#27;[0m
        j1_0.JUEGO_ID=?
]]></system-out>
    <system-err><![CDATA[Oct 06, 2025 12:59:33 PM org.hibernate.jpa.internal.util.LogHelper logPersistenceUnitInformation
INFO: HHH000204: Processing PersistenceUnitInfo [name: gamesPU]
Oct 06, 2025 12:59:33 PM org.hibernate.Version logVersion
INFO: HHH000412: Hibernate ORM core version 6.5.2.Final
Oct 06, 2025 12:59:33 PM org.hibernate.cache.internal.RegionFactoryInitiator initiateService
INFO: HHH000026: Second-level cache disabled
Oct 06, 2025 12:59:33 PM org.hibernate.engine.jdbc.connections.internal.DriverManagerConnectionProviderImpl configure
WARN: HHH10001002: Using built-in connection pool (not intended for production use)
Oct 06, 2025 12:59:33 PM org.hibernate.engine.jdbc.connections.internal.DriverManagerConnectionProviderImpl buildCreator
INFO: HHH10001005: Loaded JDBC driver class: org.h2.Driver
Oct 06, 2025 12:59:33 PM org.hibernate.engine.jdbc.connections.internal.DriverManagerConnectionProviderImpl buildCreator
INFO: HHH10001012: Connecting with JDBC URL [jdbc:h2:mem:gamesdb;DB_CLOSE_DELAY=-1;MODE=PostgreSQL;DATABASE_TO_UPPER=false]
Oct 06, 2025 12:59:33 PM org.hibernate.engine.jdbc.connections.internal.DriverManagerConnectionProviderImpl buildCreator
INFO: HHH10001001: Connection properties: {user=sa, password=****}
Oct 06, 2025 12:59:33 PM org.hibernate.engine.jdbc.connections.internal.DriverManagerConnectionProviderImpl buildCreator
INFO: HHH10001003: Autocommit mode: false
Oct 06, 2025 12:59:33 PM org.hibernate.engine.jdbc.connections.internal.DriverManagerConnectionProviderImpl$PooledConnections <init>
INFO: HHH10001115: Connection pool size: 20 (min=1)
Oct 06, 2025 12:59:34 PM org.hibernate.engine.transaction.jta.platform.internal.JtaPlatformInitiator initiateService
INFO: HHH000489: No JTA platform available (set 'hibernate.transaction.jta.platform' to enable JTA platform integration)
]]></system-err>
  </testcase>
</testsuite>